sniffing on eth0
got a packet
###[ Ethernet ]### 
  dst       = 08:00:00:00:02:02
  src       = 08:00:00:00:02:00
  type      = IPv4
###[ IP ]### 
     version   = 4
     ihl       = 5
     tos       = 0x1
     len       = 38
     id        = 1
     flags     = 
     frag      = 0
     ttl       = 62
     proto     = udp
     chksum    = 0x65c3
     src       = 10.0.1.1
     dst       = 10.0.2.2
     \options   \
###[ UDP ]### 
        sport     = 1234
        dport     = 4321
        len       = 18
        chksum    = 0x1c7b
###[ Raw ]### 
           load      = 'P4 is cool'

got a packet
###[ Ethernet ]### 
  dst       = 08:00:00:00:02:00
  src       = 08:00:00:00:02:02
  type      = IPv4
###[ IP ]### 
     version   = 4
     ihl       = 5
     tos       = 0xc0
     len       = 66
     id        = 1502
     flags     = 
     frag      = 0
     ttl       = 64
     proto     = icmp
     chksum    = 0x5d1b
     src       = 10.0.2.2
     dst       = 10.0.1.1
     \options   \
###[ ICMP ]### 
        type      = dest-unreach
        code      = port-unreachable
        chksum    = 0x1423
        reserved  = 0
        length    = 0
        nexthopmtu= 0
###[ IP in ICMP ]### 
           version   = 4
           ihl       = 5
           tos       = 0x1
           len       = 38
           id        = 1
           flags     = 
           frag      = 0
           ttl       = 62
           proto     = udp
           chksum    = 0x65c3
           src       = 10.0.1.1
           dst       = 10.0.2.2
           \options   \
###[ UDP in ICMP ]### 
              sport     = 1234
              dport     = 4321
              len       = 18
              chksum    = 0x1c7b
###[ Raw ]### 
                 load      = 'P4 is cool'

got a packet
###[ Ethernet ]### 
  dst       = 08:00:00:00:02:02
  src       = 08:00:00:00:02:00
  type      = IPv4
###[ IP ]### 
     version   = 4
     ihl       = 5
     tos       = 0x1
     len       = 38
     id        = 1
     flags     = 
     frag      = 0
     ttl       = 62
     proto     = udp
     chksum    = 0x65c3
     src       = 10.0.1.1
     dst       = 10.0.2.2
     \options   \
###[ UDP ]### 
        sport     = 1234
        dport     = 4321
        len       = 18
        chksum    = 0x1c7b
###[ Raw ]### 
           load      = 'P4 is cool'

got a packet
###[ Ethernet ]### 
  dst       = 08:00:00:00:02:00
  src       = 08:00:00:00:02:02
  type      = IPv4
###[ IP ]### 
     version   = 4
     ihl       = 5
     tos       = 0xc0
     len       = 66
     id        = 1596
     flags     = 
     frag      = 0
     ttl       = 64
     proto     = icmp
     chksum    = 0x5cbd
     src       = 10.0.2.2
     dst       = 10.0.1.1
     \options   \
###[ ICMP ]### 
        type      = dest-unreach
        code      = port-unreachable
        chksum    = 0x1423
        reserved  = 0
        length    = 0
        nexthopmtu= 0
###[ IP in ICMP ]### 
           version   = 4
           ihl       = 5
           tos       = 0x1
           len       = 38
           id        = 1
           flags     = 
           frag      = 0
           ttl       = 62
           proto     = udp
           chksum    = 0x65c3
           src       = 10.0.1.1
           dst       = 10.0.2.2
           \options   \
###[ UDP in ICMP ]### 
              sport     = 1234
              dport     = 4321
              len       = 18
              chksum    = 0x1c7b
###[ Raw ]### 
                 load      = 'P4 is cool'

got a packet
###[ Ethernet ]### 
  dst       = 08:00:00:00:02:02
  src       = 08:00:00:00:02:00
  type      = IPv4
###[ IP ]### 
     version   = 4
     ihl       = 5
     tos       = 0x1
     len       = 38
     id        = 1
     flags     = 
     frag      = 0
     ttl       = 62
     proto     = udp
     chksum    = 0x65c3
     src       = 10.0.1.1
     dst       = 10.0.2.2
     \options   \
###[ UDP ]### 
        sport     = 1234
        dport     = 4321
        len       = 18
        chksum    = 0x1c7b
###[ Raw ]### 
           load      = 'P4 is cool'

got a packet
###[ Ethernet ]### 
  dst       = 08:00:00:00:02:00
  src       = 08:00:00:00:02:02
  type      = IPv4
###[ IP ]### 
     version   = 4
     ihl       = 5
     tos       = 0xc0
     len       = 66
     id        = 1620
     flags     = 
     frag      = 0
     ttl       = 64
     proto     = icmp
     chksum    = 0x5ca5
     src       = 10.0.2.2
     dst       = 10.0.1.1
     \options   \
###[ ICMP ]### 
        type      = dest-unreach
        code      = port-unreachable
        chksum    = 0x1423
        reserved  = 0
        length    = 0
        nexthopmtu= 0
###[ IP in ICMP ]### 
           version   = 4
           ihl       = 5
           tos       = 0x1
           len       = 38
           id        = 1
           flags     = 
           frag      = 0
           ttl       = 62
           proto     = udp
           chksum    = 0x65c3
           src       = 10.0.1.1
           dst       = 10.0.2.2
           \options   \
###[ UDP in ICMP ]### 
              sport     = 1234
              dport     = 4321
              len       = 18
              chksum    = 0x1c7b
###[ Raw ]### 
                 load      = 'P4 is cool'

got a packet
###[ Ethernet ]### 
  dst       = 08:00:00:00:02:02
  src       = 08:00:00:00:02:00
  type      = IPv4
###[ IP ]### 
     version   = 4
     ihl       = 5
     tos       = 0x1
     len       = 38
     id        = 1
     flags     = 
     frag      = 0
     ttl       = 62
     proto     = udp
     chksum    = 0x65c3
     src       = 10.0.1.1
     dst       = 10.0.2.2
     \options   \
###[ UDP ]### 
        sport     = 1234
        dport     = 4321
        len       = 18
        chksum    = 0x1c7b
###[ Raw ]### 
           load      = 'P4 is cool'

got a packet
###[ Ethernet ]### 
  dst       = 08:00:00:00:02:00
  src       = 08:00:00:00:02:02
  type      = IPv4
###[ IP ]### 
     version   = 4
     ihl       = 5
     tos       = 0xc0
     len       = 66
     id        = 1788
     flags     = 
     frag      = 0
     ttl       = 64
     proto     = icmp
     chksum    = 0x5bfd
     src       = 10.0.2.2
     dst       = 10.0.1.1
     \options   \
###[ ICMP ]### 
        type      = dest-unreach
        code      = port-unreachable
        chksum    = 0x1423
        reserved  = 0
        length    = 0
        nexthopmtu= 0
###[ IP in ICMP ]### 
           version   = 4
           ihl       = 5
           tos       = 0x1
           len       = 38
           id        = 1
           flags     = 
           frag      = 0
           ttl       = 62
           proto     = udp
           chksum    = 0x65c3
           src       = 10.0.1.1
           dst       = 10.0.2.2
           \options   \
###[ UDP in ICMP ]### 
              sport     = 1234
              dport     = 4321
              len       = 18
              chksum    = 0x1c7b
###[ Raw ]### 
                 load      = 'P4 is cool'

got a packet
###[ Ethernet ]### 
  dst       = 08:00:00:00:02:02
  src       = 08:00:00:00:02:00
  type      = IPv4
###[ IP ]### 
     version   = 4
     ihl       = 5
     tos       = 0x1
     len       = 38
     id        = 1
     flags     = 
     frag      = 0
     ttl       = 62
     proto     = udp
     chksum    = 0x65c3
     src       = 10.0.1.1
     dst       = 10.0.2.2
     \options   \
###[ UDP ]### 
        sport     = 1234
        dport     = 4321
        len       = 18
        chksum    = 0x1c7b
###[ Raw ]### 
           load      = 'P4 is cool'

got a packet
###[ Ethernet ]### 
  dst       = 08:00:00:00:02:00
  src       = 08:00:00:00:02:02
  type      = IPv4
###[ IP ]### 
     version   = 4
     ihl       = 5
     tos       = 0xc0
     len       = 66
     id        = 2048
     flags     = 
     frag      = 0
     ttl       = 64
     proto     = icmp
     chksum    = 0x5af9
     src       = 10.0.2.2
     dst       = 10.0.1.1
     \options   \
###[ ICMP ]### 
        type      = dest-unreach
        code      = port-unreachable
        chksum    = 0x1423
        reserved  = 0
        length    = 0
        nexthopmtu= 0
###[ IP in ICMP ]### 
           version   = 4
           ihl       = 5
           tos       = 0x1
           len       = 38
           id        = 1
           flags     = 
           frag      = 0
           ttl       = 62
           proto     = udp
           chksum    = 0x65c3
           src       = 10.0.1.1
           dst       = 10.0.2.2
           \options   \
###[ UDP in ICMP ]### 
              sport     = 1234
              dport     = 4321
              len       = 18
              chksum    = 0x1c7b
###[ Raw ]### 
                 load      = 'P4 is cool'

got a packet
###[ Ethernet ]### 
  dst       = 08:00:00:00:02:02
  src       = 08:00:00:00:02:00
  type      = IPv4
###[ IP ]### 
     version   = 4
     ihl       = 5
     tos       = 0x1
     len       = 38
     id        = 1
     flags     = 
     frag      = 0
     ttl       = 62
     proto     = udp
     chksum    = 0x65c3
     src       = 10.0.1.1
     dst       = 10.0.2.2
     \options   \
###[ UDP ]### 
        sport     = 1234
        dport     = 4321
        len       = 18
        chksum    = 0x1c7b
###[ Raw ]### 
           load      = 'P4 is cool'

got a packet
###[ Ethernet ]### 
  dst       = 08:00:00:00:02:00
  src       = 08:00:00:00:02:02
  type      = IPv4
###[ IP ]### 
     version   = 4
     ihl       = 5
     tos       = 0xc0
     len       = 66
     id        = 2294
     flags     = 
     frag      = 0
     ttl       = 64
     proto     = icmp
     chksum    = 0x5a03
     src       = 10.0.2.2
     dst       = 10.0.1.1
     \options   \
###[ ICMP ]### 
        type      = dest-unreach
        code      = port-unreachable
        chksum    = 0x1423
        reserved  = 0
        length    = 0
        nexthopmtu= 0
###[ IP in ICMP ]### 
           version   = 4
           ihl       = 5
           tos       = 0x1
           len       = 38
           id        = 1
           flags     = 
           frag      = 0
           ttl       = 62
           proto     = udp
           chksum    = 0x65c3
           src       = 10.0.1.1
           dst       = 10.0.2.2
           \options   \
###[ UDP in ICMP ]### 
              sport     = 1234
              dport     = 4321
              len       = 18
              chksum    = 0x1c7b
###[ Raw ]### 
                 load      = 'P4 is cool'

got a packet
###[ Ethernet ]### 
  dst       = 08:00:00:00:02:02
  src       = 08:00:00:00:02:00
  type      = IPv4
###[ IP ]### 
     version   = 4
     ihl       = 5
     tos       = 0x1
     len       = 38
     id        = 1
     flags     = 
     frag      = 0
     ttl       = 62
     proto     = udp
     chksum    = 0x65c3
     src       = 10.0.1.1
     dst       = 10.0.2.2
     \options   \
###[ UDP ]### 
        sport     = 1234
        dport     = 4321
        len       = 18
        chksum    = 0x1c7b
###[ Raw ]### 
           load      = 'P4 is cool'

got a packet
###[ Ethernet ]### 
  dst       = 08:00:00:00:02:00
  src       = 08:00:00:00:02:02
  type      = IPv4
###[ IP ]### 
     version   = 4
     ihl       = 5
     tos       = 0xc0
     len       = 66
     id        = 2475
     flags     = 
     frag      = 0
     ttl       = 64
     proto     = icmp
     chksum    = 0x594e
     src       = 10.0.2.2
     dst       = 10.0.1.1
     \options   \
###[ ICMP ]### 
        type      = dest-unreach
        code      = port-unreachable
        chksum    = 0x1423
        reserved  = 0
        length    = 0
        nexthopmtu= 0
###[ IP in ICMP ]### 
           version   = 4
           ihl       = 5
           tos       = 0x1
           len       = 38
           id        = 1
           flags     = 
           frag      = 0
           ttl       = 62
           proto     = udp
           chksum    = 0x65c3
           src       = 10.0.1.1
           dst       = 10.0.2.2
           \options   \
###[ UDP in ICMP ]### 
              sport     = 1234
              dport     = 4321
              len       = 18
              chksum    = 0x1c7b
###[ Raw ]### 
                 load      = 'P4 is cool'

got a packet
###[ Ethernet ]### 
  dst       = 08:00:00:00:02:02
  src       = 08:00:00:00:02:00
  type      = IPv4
###[ IP ]### 
     version   = 4
     ihl       = 5
     tos       = 0x1
     len       = 38
     id        = 1
     flags     = 
     frag      = 0
     ttl       = 62
     proto     = udp
     chksum    = 0x65c3
     src       = 10.0.1.1
     dst       = 10.0.2.2
     \options   \
###[ UDP ]### 
        sport     = 1234
        dport     = 4321
        len       = 18
        chksum    = 0x1c7b
###[ Raw ]### 
           load      = 'P4 is cool'

got a packet
###[ Ethernet ]### 
  dst       = 08:00:00:00:02:00
  src       = 08:00:00:00:02:02
  type      = IPv4
###[ IP ]### 
     version   = 4
     ihl       = 5
     tos       = 0xc0
     len       = 66
     id        = 2534
     flags     = 
     frag      = 0
     ttl       = 64
     proto     = icmp
     chksum    = 0x5913
     src       = 10.0.2.2
     dst       = 10.0.1.1
     \options   \
###[ ICMP ]### 
        type      = dest-unreach
        code      = port-unreachable
        chksum    = 0x1423
        reserved  = 0
        length    = 0
        nexthopmtu= 0
###[ IP in ICMP ]### 
           version   = 4
           ihl       = 5
           tos       = 0x1
           len       = 38
           id        = 1
           flags     = 
           frag      = 0
           ttl       = 62
           proto     = udp
           chksum    = 0x65c3
           src       = 10.0.1.1
           dst       = 10.0.2.2
           \options   \
###[ UDP in ICMP ]### 
              sport     = 1234
              dport     = 4321
              len       = 18
              chksum    = 0x1c7b
###[ Raw ]### 
                 load      = 'P4 is cool'

got a packet
###[ Ethernet ]### 
  dst       = 08:00:00:00:02:02
  src       = 08:00:00:00:02:00
  type      = IPv4
###[ IP ]### 
     version   = 4
     ihl       = 5
     tos       = 0x1
     len       = 38
     id        = 1
     flags     = 
     frag      = 0
     ttl       = 62
     proto     = udp
     chksum    = 0x65c3
     src       = 10.0.1.1
     dst       = 10.0.2.2
     \options   \
###[ UDP ]### 
        sport     = 1234
        dport     = 4321
        len       = 18
        chksum    = 0x1c7b
###[ Raw ]### 
           load      = 'P4 is cool'

got a packet
###[ Ethernet ]### 
  dst       = 08:00:00:00:02:00
  src       = 08:00:00:00:02:02
  type      = IPv4
###[ IP ]### 
     version   = 4
     ihl       = 5
     tos       = 0xc0
     len       = 66
     id        = 2765
     flags     = 
     frag      = 0
     ttl       = 64
     proto     = icmp
     chksum    = 0x582c
     src       = 10.0.2.2
     dst       = 10.0.1.1
     \options   \
###[ ICMP ]### 
        type      = dest-unreach
        code      = port-unreachable
        chksum    = 0x1423
        reserved  = 0
        length    = 0
        nexthopmtu= 0
###[ IP in ICMP ]### 
           version   = 4
           ihl       = 5
           tos       = 0x1
           len       = 38
           id        = 1
           flags     = 
           frag      = 0
           ttl       = 62
           proto     = udp
           chksum    = 0x65c3
           src       = 10.0.1.1
           dst       = 10.0.2.2
           \options   \
###[ UDP in ICMP ]### 
              sport     = 1234
              dport     = 4321
              len       = 18
              chksum    = 0x1c7b
###[ Raw ]### 
                 load      = 'P4 is cool'

got a packet
###[ Ethernet ]### 
  dst       = 08:00:00:00:02:02
  src       = 08:00:00:00:02:00
  type      = IPv4
###[ IP ]### 
     version   = 4
     ihl       = 5
     tos       = 0x1
     len       = 38
     id        = 1
     flags     = 
     frag      = 0
     ttl       = 62
     proto     = udp
     chksum    = 0x65c3
     src       = 10.0.1.1
     dst       = 10.0.2.2
     \options   \
###[ UDP ]### 
        sport     = 1234
        dport     = 4321
        len       = 18
        chksum    = 0x1c7b
###[ Raw ]### 
           load      = 'P4 is cool'

got a packet
###[ Ethernet ]### 
  dst       = 08:00:00:00:02:00
  src       = 08:00:00:00:02:02
  type      = IPv4
###[ IP ]### 
     version   = 4
     ihl       = 5
     tos       = 0xc0
     len       = 66
     id        = 3018
     flags     = 
     frag      = 0
     ttl       = 64
     proto     = icmp
     chksum    = 0x572f
     src       = 10.0.2.2
     dst       = 10.0.1.1
     \options   \
###[ ICMP ]### 
        type      = dest-unreach
        code      = port-unreachable
        chksum    = 0x1423
        reserved  = 0
        length    = 0
        nexthopmtu= 0
###[ IP in ICMP ]### 
           version   = 4
           ihl       = 5
           tos       = 0x1
           len       = 38
           id        = 1
           flags     = 
           frag      = 0
           ttl       = 62
           proto     = udp
           chksum    = 0x65c3
           src       = 10.0.1.1
           dst       = 10.0.2.2
           \options   \
###[ UDP in ICMP ]### 
              sport     = 1234
              dport     = 4321
              len       = 18
              chksum    = 0x1c7b
###[ Raw ]### 
                 load      = 'P4 is cool'

got a packet
###[ Ethernet ]### 
  dst       = 33:33:00:00:00:fb
  src       = 4e:a5:a0:0d:4f:61
  type      = IPv6
###[ IPv6 ]### 
     version   = 6
     tc        = 0
     fl        = 670513
     plen      = 53
     nh        = UDP
     hlim      = 255
     src       = fe80::4ca5:a0ff:fe0d:4f61
     dst       = ff02::fb
###[ UDP ]### 
        sport     = mdns
        dport     = mdns
        len       = 53
        chksum    = 0x39d9
###[ DNS ]### 
           id        = 0
           qr        = 0
           opcode    = QUERY
           aa        = 0
           tc        = 0
           rd        = 0
           ra        = 0
           z         = 0
           ad        = 0
           cd        = 0
           rcode     = ok
           qdcount   = 2
           ancount   = 0
           nscount   = 0
           arcount   = 0
           \qd        \
            |###[ DNS Question Record ]### 
            |  qname     = '_ipps._tcp.local.'
            |  qtype     = PTR
            |  qclass    = IN
            |###[ DNS Question Record ]### 
            |  qname     = '_ipp._tcp.local.'
            |  qtype     = PTR
            |  qclass    = IN
           an        = None
           ns        = None
           ar        = None

